Using pre-set license
Built from '2022.3/release' branch; Version is '2022.3.18f1 (d29bea25151d) revision 13802474'; Using compiler version '192829333'; Build Type 'Release'
OS: 'Windows 11  (10.0.22631) 64bit Core' Language: 'ja' Physical Memory: 16110 MB
BatchMode: 1, IsHumanControllingUs: 0, StartBugReporterOnCrash: 0, Is64bit: 1, IsPro: 1

COMMAND LINE ARGUMENTS:
C:\Program Files\Unity\Hub\Editor\2022.3.18f1\Editor\Unity.exe
-adb2
-batchMode
-noUpm
-name
AssetImportWorker0
-projectPath
C:/Question-Kyoto/Question Kyoto
-logFile
Logs/AssetImportWorker0.log
-srvPort
54572
Successfully changed project path to: C:/Question-Kyoto/Question Kyoto
C:/Question-Kyoto/Question Kyoto
[UnityMemory] Configuration Parameters - Can be set up in boot.config
    "memorysetup-bucket-allocator-granularity=16"
    "memorysetup-bucket-allocator-bucket-count=8"
    "memorysetup-bucket-allocator-block-size=33554432"
    "memorysetup-bucket-allocator-block-count=8"
    "memorysetup-main-allocator-block-size=16777216"
    "memorysetup-thread-allocator-block-size=16777216"
    "memorysetup-gfx-main-allocator-block-size=16777216"
    "memorysetup-gfx-thread-allocator-block-size=16777216"
    "memorysetup-cache-allocator-block-size=4194304"
    "memorysetup-typetree-allocator-block-size=2097152"
    "memorysetup-profiler-bucket-allocator-granularity=16"
    "memorysetup-profiler-bucket-allocator-bucket-count=8"
    "memorysetup-profiler-bucket-allocator-block-size=33554432"
    "memorysetup-profiler-bucket-allocator-block-count=8"
    "memorysetup-profiler-allocator-block-size=16777216"
    "memorysetup-profiler-editor-allocator-block-size=1048576"
    "memorysetup-temp-allocator-size-main=16777216"
    "memorysetup-job-temp-allocator-block-size=2097152"
    "memorysetup-job-temp-allocator-block-size-background=1048576"
    "memorysetup-job-temp-allocator-reduction-small-platforms=262144"
    "memorysetup-allocator-temp-initial-block-size-main=262144"
    "memorysetup-allocator-temp-initial-block-size-worker=262144"
    "memorysetup-temp-allocator-size-background-worker=32768"
    "memorysetup-temp-allocator-size-job-worker=262144"
    "memorysetup-temp-allocator-size-preload-manager=33554432"
    "memorysetup-temp-allocator-size-nav-mesh-worker=65536"
    "memorysetup-temp-allocator-size-audio-worker=65536"
    "memorysetup-temp-allocator-size-cloud-worker=32768"
    "memorysetup-temp-allocator-size-gi-baking-worker=262144"
    "memorysetup-temp-allocator-size-gfx=262144"
Player connection [30072] Host "[IP] 172.20.10.14 [Port] 0 [Flags] 2 [Guid] 1336609935 [EditorId] 1336609935 [Version] 1048832 [Id] WindowsEditor(7,flisk) [Debug] 1 [PackageName] WindowsEditor [ProjectName] Editor" joined multi-casting on [225.0.0.222:54997]...

Player connection [30072] Host "[IP] 172.20.10.14 [Port] 0 [Flags] 2 [Guid] 1336609935 [EditorId] 1336609935 [Version] 1048832 [Id] WindowsEditor(7,flisk) [Debug] 1 [PackageName] WindowsEditor [ProjectName] Editor" joined alternative multi-casting on [225.0.0.222:34997]...

[Physics::Module] Initialized MultithreadedJobDispatcher with 15 workers.
Refreshing native plugins compatible for Editor in 10.50 ms, found 4 plugins.
Preloading 0 native plugins for Editor in 0.00 ms.
Initialize engine version: 2022.3.18f1 (d29bea25151d)
[Subsystems] Discovering subsystems at path C:/Program Files/Unity/Hub/Editor/2022.3.18f1/Editor/Data/Resources/UnitySubsystems
[Subsystems] Discovering subsystems at path C:/Question-Kyoto/Question Kyoto/Assets
GfxDevice: creating device client; threaded=0; jobified=0
Direct3D:
    Version:  Direct3D 11.0 [level 11.1]
    Renderer: NVIDIA GeForce RTX 3050 Laptop GPU (ID=0x25a2)
    Vendor:   NVIDIA
    VRAM:     3977 MB
    Driver:   31.0.15.4601
Initialize mono
Mono path[0] = 'C:/Program Files/Unity/Hub/Editor/2022.3.18f1/Editor/Data/Managed'
Mono path[1] = 'C:/Program Files/Unity/Hub/Editor/2022.3.18f1/Editor/Data/MonoBleedingEdge/lib/mono/unityjit-win32'
Mono config path = 'C:/Program Files/Unity/Hub/Editor/2022.3.18f1/Editor/Data/MonoBleedingEdge/etc'
Using monoOptions --debugger-agent=transport=dt_socket,embedding=1,server=y,suspend=n,address=127.0.0.1:56004
Begin MonoManager ReloadAssembly
Registering precompiled unity dll's ...
Register platform support module: C:/Program Files/Unity/Hub/Editor/2022.3.18f1/Editor/Data/PlaybackEngines/WindowsStandaloneSupport/UnityEditor.WindowsStandalone.Extensions.dll
Registered in 0.007926 seconds.
- Loaded All Assemblies, in  0.322 seconds
Native extension for WindowsStandalone target not found
Mono: successfully reloaded assembly
- Finished resetting the current domain, in  0.237 seconds
Domain Reload Profiling: 556ms
	BeginReloadAssembly (100ms)
		ExecutionOrderSort (0ms)
		DisableScriptedObjects (0ms)
		BackupInstance (0ms)
		ReleaseScriptingObjects (0ms)
		CreateAndSetChildDomain (1ms)
	RebuildCommonClasses (30ms)
	RebuildNativeTypeToScriptingClass (10ms)
	initialDomainReloadingComplete (55ms)
	LoadAllAssembliesAndSetupDomain (125ms)
		LoadAssemblies (97ms)
		RebuildTransferFunctionScriptingTraits (0ms)
		AnalyzeDomain (122ms)
			TypeCache.Refresh (121ms)
				TypeCache.ScanAssembly (108ms)
			ScanForSourceGeneratedMonoScriptInfo (0ms)
			ResolveRequiredComponents (0ms)
	FinalizeReload (237ms)
		ReleaseScriptCaches (0ms)
		RebuildScriptCaches (0ms)
		SetupLoadedEditorAssemblies (184ms)
			LogAssemblyErrors (0ms)
			InitializePlatformSupportModulesInManaged (8ms)
			SetLoadedEditorAssemblies (7ms)
			RefreshPlugins (0ms)
			BeforeProcessingInitializeOnLoad (2ms)
			ProcessInitializeOnLoadAttributes (125ms)
			ProcessInitializeOnLoadMethodAttributes (42ms)
			AfterProcessingInitializeOnLoad (0ms)
			EditorAssembliesLoaded (0ms)
		ExecutionOrderSort2 (0ms)
		AwakeInstancesAfterBackupRestoration (0ms)
========================================================================
Worker process is ready to serve import requests
Begin MonoManager ReloadAssembly
- Loaded All Assemblies, in  0.610 seconds
Refreshing native plugins compatible for Editor in 5.50 ms, found 4 plugins.
Native extension for WindowsStandalone target not found
Package Manager log level set to [2]
[Package Manager] Server::EnsureServerProcessIsRunning -- launch failed, reason: Unity was launched with the -noUpm command-line argument
[Package Manager] UpmClient::Send -- Unable to send message (not connected to UPM process).
[Package Manager] Cannot connect to Unity Package Manager local server
Mono: successfully reloaded assembly
- Finished resetting the current domain, in  0.705 seconds
Domain Reload Profiling: 1311ms
	BeginReloadAssembly (139ms)
		ExecutionOrderSort (0ms)
		DisableScriptedObjects (4ms)
		BackupInstance (0ms)
		ReleaseScriptingObjects (0ms)
		CreateAndSetChildDomain (23ms)
	RebuildCommonClasses (29ms)
	RebuildNativeTypeToScriptingClass (9ms)
	initialDomainReloadingComplete (39ms)
	LoadAllAssembliesAndSetupDomain (390ms)
		LoadAssemblies (297ms)
		RebuildTransferFunctionScriptingTraits (0ms)
		AnalyzeDomain (172ms)
			TypeCache.Refresh (146ms)
				TypeCache.ScanAssembly (125ms)
			ScanForSourceGeneratedMonoScriptInfo (20ms)
			ResolveRequiredComponents (4ms)
	FinalizeReload (706ms)
		ReleaseScriptCaches (0ms)
		RebuildScriptCaches (0ms)
		SetupLoadedEditorAssemblies (558ms)
			LogAssemblyErrors (0ms)
			InitializePlatformSupportModulesInManaged (6ms)
			SetLoadedEditorAssemblies (3ms)
			RefreshPlugins (0ms)
			BeforeProcessingInitializeOnLoad (62ms)
			ProcessInitializeOnLoadAttributes (448ms)
			ProcessInitializeOnLoadMethodAttributes (32ms)
			AfterProcessingInitializeOnLoad (7ms)
			EditorAssembliesLoaded (0ms)
		ExecutionOrderSort2 (0ms)
		AwakeInstancesAfterBackupRestoration (7ms)
Launched and connected shader compiler UnityShaderCompiler.exe after 0.06 seconds
Refreshing native plugins compatible for Editor in 5.15 ms, found 4 plugins.
Preloading 0 native plugins for Editor in 0.00 ms.
Unloading 4096 Unused Serialized files (Serialized files now loaded: 0)
Unloading 70 unused Assets / (244.6 KB). Loaded Objects now: 4553.
Memory consumption went from 155.2 MB to 154.9 MB.
Total: 3.685800 ms (FindLiveObjects: 0.362700 ms CreateObjectMapping: 0.104600 ms MarkObjects: 3.004400 ms  DeleteObjects: 0.213200 ms)

AssetImportParameters requested are different than current active one (requested -> active):
  custom:container-demuxer-ogg: 62fdf1f143b41e24485cea50d1cbac27 -> 
  custom:video-codec-MediaFoundation-h265: 746d11721c4dcdbdad8f713fa42b33f4 -> 
  custom:video-decoder-ogg-theora: a1e56fd34408186e4bbccfd4996cb3dc -> 
  custom:framework-win-MediaFoundation: 216162199b28c13a410421893ffa2e32 -> 
  custom:CustomObjectIndexerAttribute: 6d391050e5a25f67b0a2c618074f2cd9 -> 
  custom:container-demuxer-webm: 4f35f7cbe854078d1ac9338744f61a02 -> 
  custom:container-muxer-webm: aa71ff27fc2769a1b78a27578f13a17b -> 
  custom:video-decoder-webm-vp8: 9c59270c3fd7afecdb556c50c9e8de78 -> 
  custom:SearchIndexIgnoredProperties: e643bd26f0fe6173181afceb89e7c659 -> 
  custom:AudioImporter_EditorPlatform: d09bf68614088b80899f8185d706f6e7 -> 
  custom:video-encoder-webm-vp8: eb34c28f22e8b96e1ab97ce403110664 -> 
  custom:audio-decoder-ogg-vorbis: bf7c407c2cedff20999df2af8eb42d56 -> 
  custom:audio-encoder-webm-vorbis: bf7c407c2cedff20999df2af8eb42d56 -> 
========================================================================
Received Import Request.
  Time since last request: 92203.384626 seconds.
  path: Assets/Question Scene/Scene2.unity
  artifactKey: Guid(e381b06153ed078489c0abd9fca96b95) Importer(815301076,1909f56bfc062723c751e8b465ee728b)
Start importing Assets/Question Scene/Scene2.unity using Guid(e381b06153ed078489c0abd9fca96b95) Importer(815301076,1909f56bfc062723c751e8b465ee728b)  -> (artifact id: '178ece04c5fd3f29f0fecd7201aa9919') in 0.003494 seconds
Number of updated asset objects reloaded before import = 0
Number of asset objects unloaded after import = 0
========================================================================
Received Import Request.
  Time since last request: 0.000025 seconds.
  path: Assets/Question Scene/Scene3.unity
  artifactKey: Guid(807abecf58cc6f44a82b6e74604bcf16) Importer(815301076,1909f56bfc062723c751e8b465ee728b)
Start importing Assets/Question Scene/Scene3.unity using Guid(807abecf58cc6f44a82b6e74604bcf16) Importer(815301076,1909f56bfc062723c751e8b465ee728b)  -> (artifact id: '41deb50f98771f2d544e9402200c962d') in 0.000694 seconds
Number of updated asset objects reloaded before import = 0
Number of asset objects unloaded after import = 0
========================================================================
Received Import Request.
  Time since last request: 0.030756 seconds.
  path: Assets/Question Scene/Scene4.unity
  artifactKey: Guid(9a8dd2b82bdb363499cd0acb3e05065f) Importer(815301076,1909f56bfc062723c751e8b465ee728b)
Start importing Assets/Question Scene/Scene4.unity using Guid(9a8dd2b82bdb363499cd0acb3e05065f) Importer(815301076,1909f56bfc062723c751e8b465ee728b)  -> (artifact id: '4a19f1c39b771e7fa8174c121e99337b') in 0.000730 seconds
Number of updated asset objects reloaded before import = 0
Number of asset objects unloaded after import = 0
========================================================================
Received Import Request.
  Time since last request: 5.330264 seconds.
  path: Assets/Question Scene/Scene5.unity
  artifactKey: Guid(bbcfaa58de1aed84f8ca2310495cd072) Importer(815301076,1909f56bfc062723c751e8b465ee728b)
Start importing Assets/Question Scene/Scene5.unity using Guid(bbcfaa58de1aed84f8ca2310495cd072) Importer(815301076,1909f56bfc062723c751e8b465ee728b)  -> (artifact id: '12d2a0325d69686702ebbc99de45bd2a') in 0.002133 seconds
Number of updated asset objects reloaded before import = 0
Number of asset objects unloaded after import = 0
========================================================================
Received Import Request.
  Time since last request: 2.273017 seconds.
  path: Assets/Question Scene/Scene6.unity
  artifactKey: Guid(c57a673d676bc3845abe1dcc35e597cd) Importer(815301076,1909f56bfc062723c751e8b465ee728b)
Start importing Assets/Question Scene/Scene6.unity using Guid(c57a673d676bc3845abe1dcc35e597cd) Importer(815301076,1909f56bfc062723c751e8b465ee728b)  -> (artifact id: 'df768489a6dade64d28c1a0c8bfa1272') in 0.000933 seconds
Number of updated asset objects reloaded before import = 0
Number of asset objects unloaded after import = 0
========================================================================
Received Import Request.
  Time since last request: 1.542288 seconds.
  path: Assets/Question Scene/Scene7.unity
  artifactKey: Guid(d5d4d532023d33f48a1b2399c7e9d2ae) Importer(815301076,1909f56bfc062723c751e8b465ee728b)
Start importing Assets/Question Scene/Scene7.unity using Guid(d5d4d532023d33f48a1b2399c7e9d2ae) Importer(815301076,1909f56bfc062723c751e8b465ee728b)  -> (artifact id: '95ceabc99d73c482fb4acdca922a9bae') in 0.007681 seconds
Number of updated asset objects reloaded before import = 0
Number of asset objects unloaded after import = 0
========================================================================
Received Import Request.
  Time since last request: 1.795973 seconds.
  path: Assets/Question Scene/Scene8.unity
  artifactKey: Guid(2d2255fcfcff9aa4dadd7e293658c2c6) Importer(815301076,1909f56bfc062723c751e8b465ee728b)
Start importing Assets/Question Scene/Scene8.unity using Guid(2d2255fcfcff9aa4dadd7e293658c2c6) Importer(815301076,1909f56bfc062723c751e8b465ee728b)  -> (artifact id: 'c0c3d3bb010c7f3b15fb5fece5c588c4') in 0.002752 seconds
Number of updated asset objects reloaded before import = 0
Number of asset objects unloaded after import = 0
========================================================================
Received Import Request.
  Time since last request: 2.210979 seconds.
  path: Assets/Question Scene/Scene9.unity
  artifactKey: Guid(7392f5a18aade6047af14aa0ed87d549) Importer(815301076,1909f56bfc062723c751e8b465ee728b)
Start importing Assets/Question Scene/Scene9.unity using Guid(7392f5a18aade6047af14aa0ed87d549) Importer(815301076,1909f56bfc062723c751e8b465ee728b)  -> (artifact id: '92c30b279a90cc1f37521c44dd811365') in 0.000846 seconds
Number of updated asset objects reloaded before import = 0
Number of asset objects unloaded after import = 0
========================================================================
Received Import Request.
  Time since last request: 3.007385 seconds.
  path: Assets/Question Scene/Scene10.unity
  artifactKey: Guid(fbc933a120af9bb488a838cc709d81df) Importer(815301076,1909f56bfc062723c751e8b465ee728b)
Start importing Assets/Question Scene/Scene10.unity using Guid(fbc933a120af9bb488a838cc709d81df) Importer(815301076,1909f56bfc062723c751e8b465ee728b)  -> (artifact id: '886b7a793e798b85e2fadf9f6f6e99de') in 0.007203 seconds
Number of updated asset objects reloaded before import = 0
Number of asset objects unloaded after import = 0
========================================================================
Received Import Request.
  Time since last request: 2.586692 seconds.
  path: Assets/Question Scene/Scene11.unity
  artifactKey: Guid(d2acc819399ced34e89ef0542d8afd35) Importer(815301076,1909f56bfc062723c751e8b465ee728b)
Start importing Assets/Question Scene/Scene11.unity using Guid(d2acc819399ced34e89ef0542d8afd35) Importer(815301076,1909f56bfc062723c751e8b465ee728b)  -> (artifact id: 'ac432b968701289df2626d6fa20a8ad1') in 0.002384 seconds
Number of updated asset objects reloaded before import = 0
Number of asset objects unloaded after import = 0
========================================================================
Received Import Request.
  Time since last request: 1.606649 seconds.
  path: Assets/Question Scene/Scene12.unity
  artifactKey: Guid(e4d4c2c7a022a7241b8e3aa63a0f2a7d) Importer(815301076,1909f56bfc062723c751e8b465ee728b)
Start importing Assets/Question Scene/Scene12.unity using Guid(e4d4c2c7a022a7241b8e3aa63a0f2a7d) Importer(815301076,1909f56bfc062723c751e8b465ee728b)  -> (artifact id: '083f3450a5fc33c25e96e29428d01c4e') in 0.000954 seconds
Number of updated asset objects reloaded before import = 0
Number of asset objects unloaded after import = 0
========================================================================
Received Import Request.
  Time since last request: 1.921338 seconds.
  path: Assets/Question Scene/Scene13.unity
  artifactKey: Guid(a6528540a2e38f64588207a023e12999) Importer(815301076,1909f56bfc062723c751e8b465ee728b)
Start importing Assets/Question Scene/Scene13.unity using Guid(a6528540a2e38f64588207a023e12999) Importer(815301076,1909f56bfc062723c751e8b465ee728b)  -> (artifact id: 'fa1c4705de9a6e3fad70e942831a45c9') in 0.000557 seconds
Number of updated asset objects reloaded before import = 0
Number of asset objects unloaded after import = 0
========================================================================
Received Import Request.
  Time since last request: 3.393766 seconds.
  path: Assets/Question Scene/Scene14.unity
  artifactKey: Guid(8a16bb092f6348e45b64120e8bf51e32) Importer(815301076,1909f56bfc062723c751e8b465ee728b)
Start importing Assets/Question Scene/Scene14.unity using Guid(8a16bb092f6348e45b64120e8bf51e32) Importer(815301076,1909f56bfc062723c751e8b465ee728b)  -> (artifact id: '4f165d1dadc051f234bed7d34c77ccae') in 0.001618 seconds
Number of updated asset objects reloaded before import = 0
Number of asset objects unloaded after import = 0
========================================================================
Received Import Request.
  Time since last request: 1.943362 seconds.
  path: Assets/Question Scene/Scene15.unity
  artifactKey: Guid(7ea7d43d5bdb54c4b85cc472b90a744c) Importer(815301076,1909f56bfc062723c751e8b465ee728b)
Start importing Assets/Question Scene/Scene15.unity using Guid(7ea7d43d5bdb54c4b85cc472b90a744c) Importer(815301076,1909f56bfc062723c751e8b465ee728b)  -> (artifact id: 'a610fbdc9838e7453dbbd39c2e4893e2') in 0.000821 seconds
Number of updated asset objects reloaded before import = 0
Number of asset objects unloaded after import = 0
========================================================================
Received Import Request.
  Time since last request: 1.455708 seconds.
  path: Assets/Question Scene/Scene16.unity
  artifactKey: Guid(350c98bf73d24cd4fab3917bcd62d0c3) Importer(815301076,1909f56bfc062723c751e8b465ee728b)
Start importing Assets/Question Scene/Scene16.unity using Guid(350c98bf73d24cd4fab3917bcd62d0c3) Importer(815301076,1909f56bfc062723c751e8b465ee728b)  -> (artifact id: '09c2381f37ab8109a243789326e895ee') in 0.000547 seconds
Number of updated asset objects reloaded before import = 0
Number of asset objects unloaded after import = 0
========================================================================
Received Import Request.
  Time since last request: 1.636134 seconds.
  path: Assets/Question Scene/Scene17.unity
  artifactKey: Guid(7c57647e171d5684dbdf8c277e9f6a82) Importer(815301076,1909f56bfc062723c751e8b465ee728b)
Start importing Assets/Question Scene/Scene17.unity using Guid(7c57647e171d5684dbdf8c277e9f6a82) Importer(815301076,1909f56bfc062723c751e8b465ee728b)  -> (artifact id: 'df0d12a5989d9050822061b847b07320') in 0.000804 seconds
Number of updated asset objects reloaded before import = 0
Number of asset objects unloaded after import = 0
========================================================================
Received Import Request.
  Time since last request: 2.911195 seconds.
  path: Assets/Question Scene/Scene18.unity
  artifactKey: Guid(202322b90d9004144b8f2f1802787df4) Importer(815301076,1909f56bfc062723c751e8b465ee728b)
Start importing Assets/Question Scene/Scene18.unity using Guid(202322b90d9004144b8f2f1802787df4) Importer(815301076,1909f56bfc062723c751e8b465ee728b)  -> (artifact id: '50daa712a6e73a6d0985d94cb9e88c3d') in 0.003491 seconds
Number of updated asset objects reloaded before import = 0
Number of asset objects unloaded after import = 0
========================================================================
Received Import Request.
  Time since last request: 2.691002 seconds.
  path: Assets/Question Scene/Scene19.unity
  artifactKey: Guid(06ff84ceeb49ee745a64b514822e0bdb) Importer(815301076,1909f56bfc062723c751e8b465ee728b)
Start importing Assets/Question Scene/Scene19.unity using Guid(06ff84ceeb49ee745a64b514822e0bdb) Importer(815301076,1909f56bfc062723c751e8b465ee728b)  -> (artifact id: '9b09defc3c15c113aa77dc48e2a14221') in 0.000994 seconds
Number of updated asset objects reloaded before import = 0
Number of asset objects unloaded after import = 0
========================================================================
Received Import Request.
  Time since last request: 1.404448 seconds.
  path: Assets/Question Scene/Scene20.unity
  artifactKey: Guid(62c1ee34cf532f547bd002e8ba0c8c79) Importer(815301076,1909f56bfc062723c751e8b465ee728b)
Start importing Assets/Question Scene/Scene20.unity using Guid(62c1ee34cf532f547bd002e8ba0c8c79) Importer(815301076,1909f56bfc062723c751e8b465ee728b)  -> (artifact id: 'fa8b8aaf9bea9d949e398ede914529d0') in 0.000665 seconds
Number of updated asset objects reloaded before import = 0
Number of asset objects unloaded after import = 0
========================================================================
Received Import Request.
  Time since last request: 1.222045 seconds.
  path: Assets/Question Scene/Scene21.unity
  artifactKey: Guid(ffc3fffc84b3bee48b6e3a496316dbcd) Importer(815301076,1909f56bfc062723c751e8b465ee728b)
Start importing Assets/Question Scene/Scene21.unity using Guid(ffc3fffc84b3bee48b6e3a496316dbcd) Importer(815301076,1909f56bfc062723c751e8b465ee728b)  -> (artifact id: '02217e5160ec77dba576eb5e41d71605') in 0.000817 seconds
Number of updated asset objects reloaded before import = 0
Number of asset objects unloaded after import = 0
========================================================================
Received Import Request.
  Time since last request: 1.808666 seconds.
  path: Assets/Question Scene/Scene22.unity
  artifactKey: Guid(29dc04595f8b28c4f82d926dd21dd30a) Importer(815301076,1909f56bfc062723c751e8b465ee728b)
Start importing Assets/Question Scene/Scene22.unity using Guid(29dc04595f8b28c4f82d926dd21dd30a) Importer(815301076,1909f56bfc062723c751e8b465ee728b)  -> (artifact id: '5189af3e6246c31c42588ab724b5a08e') in 0.002159 seconds
Number of updated asset objects reloaded before import = 0
Number of asset objects unloaded after import = 0
========================================================================
Received Import Request.
  Time since last request: 1.322806 seconds.
  path: Assets/Question Scene/Scene23.unity
  artifactKey: Guid(80a89a099f61f754f9a380338e7dc238) Importer(815301076,1909f56bfc062723c751e8b465ee728b)
Start importing Assets/Question Scene/Scene23.unity using Guid(80a89a099f61f754f9a380338e7dc238) Importer(815301076,1909f56bfc062723c751e8b465ee728b)  -> (artifact id: '011d2611097b6b9cb6ad127195db670e') in 0.001364 seconds
Number of updated asset objects reloaded before import = 0
Number of asset objects unloaded after import = 0
========================================================================
Received Import Request.
  Time since last request: 2.185899 seconds.
  path: Assets/Question Scene/Scene24.unity
  artifactKey: Guid(e2a558da86379a647a49be7816b52cbb) Importer(815301076,1909f56bfc062723c751e8b465ee728b)
Start importing Assets/Question Scene/Scene24.unity using Guid(e2a558da86379a647a49be7816b52cbb) Importer(815301076,1909f56bfc062723c751e8b465ee728b)  -> (artifact id: '1f8d554d78b2fc523ccbd8319358e9e1') in 0.001198 seconds
Number of updated asset objects reloaded before import = 0
Number of asset objects unloaded after import = 0
========================================================================
Received Import Request.
  Time since last request: 2.249080 seconds.
  path: Assets/Question Scene/Scene25.unity
  artifactKey: Guid(6d894bd18c6854a4d921b5fc71c1d725) Importer(815301076,1909f56bfc062723c751e8b465ee728b)
Start importing Assets/Question Scene/Scene25.unity using Guid(6d894bd18c6854a4d921b5fc71c1d725) Importer(815301076,1909f56bfc062723c751e8b465ee728b)  -> (artifact id: 'fafa3cee1834c9de578ef323eb4fa518') in 0.000972 seconds
Number of updated asset objects reloaded before import = 0
Number of asset objects unloaded after import = 0
========================================================================
Received Import Request.
  Time since last request: 2.005467 seconds.
  path: Assets/Question Scene/Scene26.unity
  artifactKey: Guid(16e4561b55531b64bb6f95bb0aa85d3c) Importer(815301076,1909f56bfc062723c751e8b465ee728b)
Start importing Assets/Question Scene/Scene26.unity using Guid(16e4561b55531b64bb6f95bb0aa85d3c) Importer(815301076,1909f56bfc062723c751e8b465ee728b)  -> (artifact id: '97e9ff1c63e9c168309df6e5bcb06192') in 0.000747 seconds
Number of updated asset objects reloaded before import = 0
Number of asset objects unloaded after import = 0
========================================================================
Received Import Request.
  Time since last request: 1.476460 seconds.
  path: Assets/Question Scene/Scene27.unity
  artifactKey: Guid(8febc6453597a354696f01eef57420a0) Importer(815301076,1909f56bfc062723c751e8b465ee728b)
Start importing Assets/Question Scene/Scene27.unity using Guid(8febc6453597a354696f01eef57420a0) Importer(815301076,1909f56bfc062723c751e8b465ee728b)  -> (artifact id: 'd3704fa3338834bb970e2d5cedd423e1') in 0.000522 seconds
Number of updated asset objects reloaded before import = 0
Number of asset objects unloaded after import = 0
========================================================================
Received Import Request.
  Time since last request: 1.486202 seconds.
  path: Assets/Question Scene/Scene28.unity
  artifactKey: Guid(d79b01acc45308645ad18504f55d7ae0) Importer(815301076,1909f56bfc062723c751e8b465ee728b)
Start importing Assets/Question Scene/Scene28.unity using Guid(d79b01acc45308645ad18504f55d7ae0) Importer(815301076,1909f56bfc062723c751e8b465ee728b)  -> (artifact id: '88a14d86f7fea622b1f9de503805480a') in 0.002691 seconds
Number of updated asset objects reloaded before import = 0
Number of asset objects unloaded after import = 0
========================================================================
Received Import Request.
  Time since last request: 1.448275 seconds.
  path: Assets/Question Scene/Scene29.unity
  artifactKey: Guid(41c8168841d24f448aa8ea40bbc3ceb5) Importer(815301076,1909f56bfc062723c751e8b465ee728b)
Start importing Assets/Question Scene/Scene29.unity using Guid(41c8168841d24f448aa8ea40bbc3ceb5) Importer(815301076,1909f56bfc062723c751e8b465ee728b)  -> (artifact id: 'c61047d274ed9652c3f6244c80ad3679') in 0.001589 seconds
Number of updated asset objects reloaded before import = 0
Number of asset objects unloaded after import = 0
========================================================================
Received Import Request.
  Time since last request: 1.375475 seconds.
  path: Assets/Question Scene/Scene30.unity
  artifactKey: Guid(a3e7bb8f312550447a4fc5186baeaf18) Importer(815301076,1909f56bfc062723c751e8b465ee728b)
Start importing Assets/Question Scene/Scene30.unity using Guid(a3e7bb8f312550447a4fc5186baeaf18) Importer(815301076,1909f56bfc062723c751e8b465ee728b)  -> (artifact id: 'd5ef93665806d938f97f35a36c5f0b0e') in 0.000985 seconds
Number of updated asset objects reloaded before import = 0
Number of asset objects unloaded after import = 0
========================================================================
Received Import Request.
  Time since last request: 1.455249 seconds.
  path: Assets/Question Scene/Scene31.unity
  artifactKey: Guid(87a8442f6925c2c448aa7185658e188e) Importer(815301076,1909f56bfc062723c751e8b465ee728b)
Start importing Assets/Question Scene/Scene31.unity using Guid(87a8442f6925c2c448aa7185658e188e) Importer(815301076,1909f56bfc062723c751e8b465ee728b)  -> (artifact id: '1299b8ad080c74356f804e1b41d31c04') in 0.002301 seconds
Number of updated asset objects reloaded before import = 0
Number of asset objects unloaded after import = 0
========================================================================
Received Import Request.
  Time since last request: 2.570095 seconds.
  path: Assets/Question Scene/Scene32.unity
  artifactKey: Guid(8cbc0e27376289d49945097c2e8b6a5d) Importer(815301076,1909f56bfc062723c751e8b465ee728b)
Start importing Assets/Question Scene/Scene32.unity using Guid(8cbc0e27376289d49945097c2e8b6a5d) Importer(815301076,1909f56bfc062723c751e8b465ee728b)  -> (artifact id: '1d8c7caba2427bd91099fc6229b4d7b6') in 0.007113 seconds
Number of updated asset objects reloaded before import = 0
Number of asset objects unloaded after import = 0
========================================================================
Received Prepare
Begin MonoManager ReloadAssembly
- Loaded All Assemblies, in  0.415 seconds
Refreshing native plugins compatible for Editor in 4.42 ms, found 4 plugins.
Native extension for WindowsStandalone target not found
[Package Manager] Server::EnsureServerProcessIsRunning -- launch failed, reason: Unity was launched with the -noUpm command-line argument
[Package Manager] UpmClient::Send -- Unable to send message (not connected to UPM process).
[Package Manager] Cannot connect to Unity Package Manager local server
Mono: successfully reloaded assembly
- Finished resetting the current domain, in  1.120 seconds
Domain Reload Profiling: 1530ms
	BeginReloadAssembly (147ms)
		ExecutionOrderSort (0ms)
		DisableScriptedObjects (18ms)
		BackupInstance (0ms)
		ReleaseScriptingObjects (0ms)
		CreateAndSetChildDomain (34ms)
	RebuildCommonClasses (26ms)
	RebuildNativeTypeToScriptingClass (12ms)
	initialDomainReloadingComplete (37ms)
	LoadAllAssembliesAndSetupDomain (187ms)
		LoadAssemblies (243ms)
		RebuildTransferFunctionScriptingTraits (0ms)
		AnalyzeDomain (11ms)
			TypeCache.Refresh (5ms)
				TypeCache.ScanAssembly (0ms)
			ScanForSourceGeneratedMonoScriptInfo (0ms)
			ResolveRequiredComponents (5ms)
	FinalizeReload (1120ms)
		ReleaseScriptCaches (0ms)
		RebuildScriptCaches (0ms)
		SetupLoadedEditorAssemblies (529ms)
			LogAssemblyErrors (0ms)
			InitializePlatformSupportModulesInManaged (6ms)
			SetLoadedEditorAssemblies (3ms)
			RefreshPlugins (0ms)
			BeforeProcessingInitializeOnLoad (68ms)
			ProcessInitializeOnLoadAttributes (407ms)
			ProcessInitializeOnLoadMethodAttributes (34ms)
			AfterProcessingInitializeOnLoad (10ms)
			EditorAssembliesLoaded (0ms)
		ExecutionOrderSort2 (0ms)
		AwakeInstancesAfterBackupRestoration (13ms)
Refreshing native plugins compatible for Editor in 6.50 ms, found 4 plugins.
Preloading 0 native plugins for Editor in 0.00 ms.
Unloading 4077 Unused Serialized files (Serialized files now loaded: 0)
Unloading 42 unused Assets / (217.1 KB). Loaded Objects now: 4558.
Memory consumption went from 152.5 MB to 152.3 MB.
Total: 4.011800 ms (FindLiveObjects: 0.368100 ms CreateObjectMapping: 0.138700 ms MarkObjects: 3.278700 ms  DeleteObjects: 0.225200 ms)

Prepare: number of updated asset objects reloaded= 0
AssetImportParameters requested are different than current active one (requested -> active):
  custom:container-demuxer-ogg: 62fdf1f143b41e24485cea50d1cbac27 -> 
  custom:video-codec-MediaFoundation-h265: 746d11721c4dcdbdad8f713fa42b33f4 -> 
  custom:video-decoder-ogg-theora: a1e56fd34408186e4bbccfd4996cb3dc -> 
  custom:framework-win-MediaFoundation: 216162199b28c13a410421893ffa2e32 -> 
  custom:CustomObjectIndexerAttribute: 6d391050e5a25f67b0a2c618074f2cd9 -> 
  custom:container-demuxer-webm: 4f35f7cbe854078d1ac9338744f61a02 -> 
  custom:container-muxer-webm: aa71ff27fc2769a1b78a27578f13a17b -> 
  custom:video-decoder-webm-vp8: 9c59270c3fd7afecdb556c50c9e8de78 -> 
  custom:SearchIndexIgnoredProperties: e643bd26f0fe6173181afceb89e7c659 -> 
  custom:AudioImporter_EditorPlatform: d09bf68614088b80899f8185d706f6e7 -> 
  custom:video-encoder-webm-vp8: eb34c28f22e8b96e1ab97ce403110664 -> 
  custom:audio-decoder-ogg-vorbis: bf7c407c2cedff20999df2af8eb42d56 -> 
  custom:audio-encoder-webm-vorbis: bf7c407c2cedff20999df2af8eb42d56 -> 
========================================================================
Received Import Request.
  Time since last request: 160.522900 seconds.
  path: Assets/Question Scene/Scene33.unity
  artifactKey: Guid(3ffeab1b469f4d843accaa9a0fc51e12) Importer(815301076,1909f56bfc062723c751e8b465ee728b)
Start importing Assets/Question Scene/Scene33.unity using Guid(3ffeab1b469f4d843accaa9a0fc51e12) Importer(815301076,1909f56bfc062723c751e8b465ee728b)  -> (artifact id: 'ddcc522fc9554994097cf9d0ebcc49bb') in 0.003100 seconds
Number of updated asset objects reloaded before import = 0
Number of asset objects unloaded after import = 0
